2024-02-01 12:16:26,140 CRIT Supervisor is running as root.  Privileges were not dropped because no user is specified in the config file.  If you intend to run as root, you can set user=root in the config file to avoid this message.
2024-02-01 12:16:26,141 INFO Included extra file "/tmp/appsmith/supervisor-conf.d/backend.conf" during parsing
2024-02-01 12:16:26,141 INFO Included extra file "/tmp/appsmith/supervisor-conf.d/editor.conf" during parsing
2024-02-01 12:16:26,141 INFO Included extra file "/tmp/appsmith/supervisor-conf.d/keycloak.conf" during parsing
2024-02-01 12:16:26,141 INFO Included extra file "/tmp/appsmith/supervisor-conf.d/mongodb.conf" during parsing
2024-02-01 12:16:26,141 INFO Included extra file "/tmp/appsmith/supervisor-conf.d/postgres.conf" during parsing
2024-02-01 12:16:26,141 INFO Included extra file "/tmp/appsmith/supervisor-conf.d/redis.conf" during parsing
2024-02-01 12:16:26,141 INFO Included extra file "/tmp/appsmith/supervisor-conf.d/rts.conf" during parsing
2024-02-01 12:16:26,141 INFO Included extra file "/tmp/appsmith/supervisor-conf.d/temporal.conf" during parsing
2024-02-01 12:16:26,145 INFO RPC interface 'supervisor' initialized
2024-02-01 12:16:26,145 INFO RPC interface 'supervisor' initialized
2024-02-01 12:16:26,145 CRIT Server 'unix_http_server' running without any HTTP authentication checking
2024-02-01 12:16:26,146 INFO supervisord started with pid 1
2024-02-01 12:16:27,151 INFO spawned: 'stdout' with pid 1762
2024-02-01 12:16:27,153 INFO spawned: 'redis' with pid 1763
2024-02-01 12:16:27,155 INFO spawned: 'keycloak' with pid 1764
2024-02-01 12:16:27,159 INFO spawned: 'mongodb' with pid 1765
2024-02-01 12:16:27,161 INFO spawned: 'temporal' with pid 1769
2024-02-01 12:16:27,167 INFO spawned: 'rts' with pid 1782
2024-02-01 12:16:27,169 INFO spawned: 'backend' with pid 1787
2024-02-01 12:16:27,176 INFO spawned: 'editor' with pid 1801
2024-02-01 12:16:27,183 INFO spawned: 'postgres' with pid 1804
2024-02-01 12:16:27,193 INFO success: redis entered RUNNING state, process has stayed up for > than 0 seconds (startsecs)
2024-02-01 12:16:27,193 INFO success: rts entered RUNNING state, process has stayed up for > than 0 seconds (startsecs)
2024-02-01 12:16:27,194 INFO success: editor entered RUNNING state, process has stayed up for > than 0 seconds (startsecs)
2024-02-01 12:16:27,562 INFO reaped unknown pid 52
2024-02-01 12:16:28,254 INFO success: stdout entered RUNNING state, process has stayed up for > than 1 seconds (startsecs)
2024-02-01 12:16:28,256 INFO success: postgres entered RUNNING state, process has stayed up for > than 1 seconds (startsecs)
2024-02-01 12:16:30,325 INFO reaped unknown pid 95
2024-02-01 12:16:37,171 INFO success: keycloak entered RUNNING state, process has stayed up for > than 10 seconds (startsecs)
2024-02-01 12:16:37,179 INFO success: mongodb entered RUNNING state, process has stayed up for > than 10 seconds (startsecs)
2024-02-01 12:16:37,179 INFO success: temporal entered RUNNING state, process has stayed up for > than 10 seconds (startsecs)
2024-02-01 12:17:13,051 INFO success: backend entered RUNNING state, process has stayed up for > than 45 seconds (startsecs)
