Load environment configuration
mkdir: created directory '/appsmith-stacks/git-storage'
2024-02-01T12:16:28.258 server info: ===================================================================
2024-02-01T12:16:28.260 server info: server[server] accepting requests from all clients
2024-02-01T12:16:28.261 server info: server[server] now listening SCIM 2.0 on port 8886...

RTS version v1.10 running at http://localhost:8091
[35m2024-02-01T12:16:28.716Z[39m [INFO] Creating worker {
  options: {
    namespace: [32m'default'[39m,
    identity: [32m'1782@5714cbb260bd'[39m,
    useVersioning: [33mfalse[39m,
    buildId: [90mundefined[39m,
    shutdownGraceTime: [33m0[39m,
    maxConcurrentLocalActivityExecutions: [33m100[39m,
    enableNonLocalActivities: [33mtrue[39m,
    maxConcurrentWorkflowTaskPolls: [33m10[39m,
    maxConcurrentActivityTaskPolls: [33m10[39m,
    stickyQueueScheduleToStartTimeout: [32m'10s'[39m,
    maxHeartbeatThrottleInterval: [32m'60s'[39m,
    defaultHeartbeatThrottleInterval: [32m'30s'[39m,
    isolateExecutionTimeout: [32m'5s'[39m,
    workflowThreadPoolSize: [33m1[39m,
    maxCachedWorkflows: [33m664[39m,
    showStackTraceSources: [33mfalse[39m,
    debugMode: [33mfalse[39m,
    interceptors: { activity: [], workflowModules: [] },
    nonStickyToStickyPollRatio: [33m0.2[39m,
    sinks: { __temporal_logger: [36m[Object][39m },
    connection: NativeConnection {
      nativeClient: [36m[External: 2c3d0410][39m,
      referenceHolders: Set(0) {}
    },
    taskQueue: [32m'appsmith-queue'[39m,
    workflowsPath: [32m'/opt/appsmith/rts/bundle/workflows.js'[39m,
    activities: Map(2) {
      [32m'createWorkflowRequest'[39m => [36m[AsyncFunction: createWorkflowRequest][39m,
      [32m'executeActivity'[39m => [36m[AsyncFunction: executeActivity][39m
    },
    reuseV8Context: [33mtrue[39m,
    maxConcurrentWorkflowTaskExecutions: [33m40[39m,
    maxConcurrentActivityTaskExecutions: [33m100[39m,
    shutdownGraceTimeMs: [33m0[39m,
    shutdownForceTimeMs: [90mundefined[39m,
    stickyQueueScheduleToStartTimeoutMs: [33m10000[39m,
    isolateExecutionTimeoutMs: [33m5000[39m,
    maxHeartbeatThrottleIntervalMs: [33m60000[39m,
    defaultHeartbeatThrottleIntervalMs: [33m30000[39m,
    loadedDataConverter: {
      payloadConverter: [36m[DefaultPayloadConverter][39m,
      failureConverter: [36m[DefaultFailureConverter][39m,
      payloadCodecs: []
    }
  }
}
[35m2024-02-01T12:16:29.692Z[39m [INFO] asset [1m[32mworkflow-bundle-fa6f5f45567d86aac2b8.js[39m[22m 813 KiB [1m[32m[emitted][39m[22m [1m[32m[immutable][39m[22m (name: main)
[35m2024-02-01T12:16:29.692Z[39m [INFO] runtime modules 937 bytes 4 modules
[35m2024-02-01T12:16:29.693Z[39m [INFO] modules by path [1m../node_modules/@temporalio/[39m[22m 196 KiB
[35m2024-02-01T12:16:29.693Z[39m [INFO]   modules by path [1m../node_modules/@temporalio/common/lib/[39m[22m 79.3 KiB
[35m2024-02-01T12:16:29.693Z[39m [INFO]     modules by path [1m../node_modules/@temporalio/common/lib/*.js[39m[22m 54.6 KiB 16 modules
[35m2024-02-01T12:16:29.693Z[39m [INFO]     modules by path [1m../node_modules/@temporalio/common/lib/converter/*.js[39m[22m 24.7 KiB 5 modules
[35m2024-02-01T12:16:29.693Z[39m [INFO]   modules by path [1m../node_modules/@temporalio/workflow/[39m[22m 117 KiB
[35m2024-02-01T12:16:29.693Z[39m [INFO]     [1m../node_modules/@temporalio/workflow/lib/worker-interface.js[39m[22m 11.7 KiB [1m[33m[built][39m[22m [1m[33m[code generated][39m[22m
[35m2024-02-01T12:16:29.693Z[39m [INFO]     + 15 modules
[35m2024-02-01T12:16:29.693Z[39m [INFO] modules by path [1m./[39m[22m 4.45 KiB
[35m2024-02-01T12:16:29.693Z[39m [INFO]   [1m./workflows-autogenerated-entrypoint.cjs[39m[22m 343 bytes [1m[33m[built][39m[22m [1m[33m[code generated][39m[22m
[35m2024-02-01T12:16:29.693Z[39m [INFO]   [1m./workflows.js[39m[22m 4.11 KiB [1m[33m[built][39m[22m [1m[33m[code generated][39m[22m
[35m2024-02-01T12:16:29.693Z[39m [INFO] [1m__temporal_custom_payload_converter (ignored)[39m[22m 15 bytes [1m[33m[built][39m[22m [1m[33m[code generated][39m[22m
[35m2024-02-01T12:16:29.694Z[39m [INFO] [1m__temporal_custom_failure_converter (ignored)[39m[22m 15 bytes [1m[33m[built][39m[22m [1m[33m[code generated][39m[22m
[35m2024-02-01T12:16:29.694Z[39m [INFO] [1m../node_modules/long/umd/index.js[39m[22m 43.1 KiB [1m[33m[built][39m[22m [1m[33m[code generated][39m[22m
[35m2024-02-01T12:16:29.694Z[39m [INFO] [1m../node_modules/ms/dist/index.cjs[39m[22m 3.41 KiB [1m[33m[built][39m[22m [1m[33m[code generated][39m[22m
[35m2024-02-01T12:16:29.694Z[39m [INFO] webpack 5.90.0 compiled [1m[32msuccessfully[39m[22m in 623 ms
[35m2024-02-01T12:16:29.697Z[39m [INFO] Workflow bundle created { size: [32m'0.79MB'[39m }
[35m2024-02-01T12:16:29.971Z[39m [INFO] Worker state changed { state: [32m'RUNNING'[39m }
