Changes detected in configuration. Updating the server image.
Updating the configuration and installing your custom providers, if any. Please wait.
2024-02-01 12:16:37,796 INFO  [io.quarkus.deployment.QuarkusAugmentor] (main) Quarkus augmentation completed in 7748ms
Server configuration updated and persisted. Run the following command to review the configuration:

	kc.sh show-config

Next time you run the server, just run:

	kc.sh start --optimized --hostname-strict=false --hostname-path=/auth --http-port=8081 --proxy=edge

2024-02-01 12:16:40,781 INFO  [org.keycloak.quarkus.runtime.hostname.DefaultHostnameProvider] (main) Hostname settings: Base URL: <unset>, Hostname: <request>, Strict HTTPS: false, Path: /auth, Strict BackChannel: false, Admin URL: <unset>, Admin: <request>, Port: -1, Proxied: true
2024-02-01 12:16:42,657 WARN  [io.quarkus.agroal.runtime.DataSources] (main) Datasource <default> enables XA but transaction recovery is not enabled. Please enable transaction recovery by setting quarkus.transaction-manager.enable-recovery=true, otherwise data may be lost if the application is terminated abruptly
2024-02-01 12:16:43,829 WARN  [org.infinispan.PERSISTENCE] (keycloak-cache-init) ISPN000554: jboss-marshalling is deprecated and planned for removal
2024-02-01 12:16:44,147 INFO  [org.infinispan.CONTAINER] (keycloak-cache-init) ISPN000556: Starting user marshaller 'org.infinispan.jboss.marshalling.core.JBossUserMarshaller'
2024-02-01 12:16:44,316 INFO  [org.infinispan.CLUSTER] (keycloak-cache-init) ISPN000088: Unable to use any JGroups configuration mechanisms provided in properties {}. Using default JGroups configuration!
2024-02-01 12:16:44,585 INFO  [org.infinispan.CLUSTER] (keycloak-cache-init) ISPN000078: Starting JGroups channel `ISPN`
2024-02-01 12:16:44,591 INFO  [org.jgroups.JChannel] (keycloak-cache-init) local_addr: 6b100f3c-9b60-409b-bc4e-d4009c273bb7, name: 5714cbb260bd-26669
2024-02-01 12:16:44,607 WARN  [org.jgroups.protocols.UDP] (keycloak-cache-init) JGRP000015: the send buffer of socket MulticastSocket was set to 1MB, but the OS only allocated 212.99KB
2024-02-01 12:16:44,608 WARN  [org.jgroups.protocols.UDP] (keycloak-cache-init) JGRP000015: the receive buffer of socket MulticastSocket was set to 20MB, but the OS only allocated 212.99KB
2024-02-01 12:16:44,609 WARN  [org.jgroups.protocols.UDP] (keycloak-cache-init) JGRP000015: the send buffer of socket MulticastSocket was set to 1MB, but the OS only allocated 212.99KB
2024-02-01 12:16:44,609 WARN  [org.jgroups.protocols.UDP] (keycloak-cache-init) JGRP000015: the receive buffer of socket MulticastSocket was set to 25MB, but the OS only allocated 212.99KB
2024-02-01 12:16:44,628 INFO  [org.jgroups.protocols.FD_SOCK2] (keycloak-cache-init) server listening on *.26154
2024-02-01 12:16:44,806 WARN  [io.quarkus.vertx.http.runtime.VertxHttpRecorder] (main) The X-Forwarded-* and Forwarded headers will be considered when determining the proxy address. This configuration can cause a security issue as clients can forge requests and send a forwarded header that is not overwritten by the proxy. Please consider use one of these headers just to forward the proxy address in requests.
2024-02-01 12:16:44,817 INFO  [org.keycloak.broker.provider.AbstractIdentityProviderMapper] (main) Registering class org.keycloak.broker.provider.mappersync.ConfigSyncEventListener
2024-02-01 12:16:46,722 INFO  [org.jgroups.protocols.pbcast.GMS] (keycloak-cache-init) 5714cbb260bd-26669: no members discovered after 2087 ms: creating cluster as coordinator
2024-02-01 12:16:46,733 INFO  [org.infinispan.CLUSTER] (keycloak-cache-init) ISPN000094: Received new cluster view for channel ISPN: [5714cbb260bd-26669|0] (1) [5714cbb260bd-26669]
2024-02-01 12:16:46,742 INFO  [org.infinispan.CLUSTER] (keycloak-cache-init) ISPN000079: Channel `ISPN` local address is `5714cbb260bd-26669`, physical addresses are `[192.168.247.2:41690]`
2024-02-01 12:16:46,763 WARN  [org.infinispan.CONFIG] (keycloak-cache-init) ISPN000569: Unable to persist Infinispan internal caches as no global state enabled
2024-02-01 12:16:48,105 INFO  [org.keycloak.quarkus.runtime.storage.legacy.liquibase.QuarkusJpaUpdaterProvider] (main) Initializing database schema. Using changelog META-INF/jpa-changelog-master.xml

UPDATE SUMMARY
Run:                        117
Previously run:               0
Filtered out:                 0
-------------------------------
Total change sets:          117

2024-02-01 12:16:53,792 INFO  [org.keycloak.connections.infinispan.DefaultInfinispanConnectionProviderFactory] (main) Node name: 5714cbb260bd-26669, Site name: null
2024-02-01 12:16:53,926 INFO  [org.keycloak.services] (main) KC-SERVICES0050: Initializing master realm
2024-02-01 12:16:56,401 INFO  [io.quarkus] (main) Keycloak 23.0.4 on JVM (powered by Quarkus 3.2.9.Final) started in 18.322s. Listening on: http://0.0.0.0:8081
2024-02-01 12:16:56,403 INFO  [io.quarkus] (main) Profile prod activated. 
2024-02-01 12:16:56,403 INFO  [io.quarkus] (main) Installed features: [agroal, cdi, hibernate-orm, jdbc-h2, jdbc-mariadb, jdbc-mssql, jdbc-mysql, jdbc-oracle, jdbc-postgresql, keycloak, logging-gelf, micrometer, narayana-jta, reactive-routes, resteasy-reactive, resteasy-reactive-jackson, smallrye-context-propagation, smallrye-health, vertx]
2024-02-01 12:16:56,687 INFO  [org.keycloak.services] (main) KC-SERVICES0009: Added user 'admin' to realm 'master'
